2025-09-24 13:09:03,731 - INFO - Data Preprocessing Initialized
2025-09-24 13:09:03,731 - INFO - Starting the general race of data processing....
2025-09-24 13:09:03,731 - INFO - Starting the data loading process
2025-09-24 13:09:04,514 - INFO - the data has been successfully uploaded
2025-09-24 13:09:04,515 - INFO - filtering users.........
2025-09-24 13:09:04,658 - INFO - users successfully filtered
2025-09-24 13:09:04,658 - INFO - This is the MinMaxScaler process.
2025-09-24 13:09:05,578 - INFO - scaling done for Processing
2025-09-24 13:09:05,579 - INFO - starting decoding process
2025-09-24 13:09:05,699 - INFO - starting the division of data into training and testing
2025-09-24 13:09:06,142 - INFO - division done!
2025-09-24 13:09:10,048 - INFO - all training and test data, classified df, were saved
2025-09-24 13:09:10,422 - INFO - Anime and anime synopsis dataset successfully saved
2025-09-24 13:09:10,422 - INFO - data processing run completed successfully
2025-09-24 17:51:29,234 - INFO - Model training initialized
2025-09-24 17:51:29,234 - INFO - training started
2025-09-24 17:51:29,459 - INFO - Data loaded sucesfully for Model Training
2025-09-24 17:51:29,502 - ERROR - Error loading configuration name 'read' is not defined
2025-09-24 17:51:29,503 - ERROR - Error in c:\mlops-project-2\src\base_model_architecture.py, line 18: Error loading configuration
2025-09-24 17:52:30,167 - INFO - Model training initialized
2025-09-24 17:52:30,167 - INFO - training started
2025-09-24 17:52:30,257 - INFO - Data loaded sucesfully for Model Training
2025-09-24 17:52:30,291 - INFO - Succesfully read the YAML file
2025-09-24 17:52:30,291 - INFO - Loaded configuration from config.yaml
2025-09-24 17:52:30,446 - INFO - Model created sucessfully
2025-09-24 17:54:35,442 - INFO - Model training completed
2025-09-24 17:54:35,442 - WARNING - You are saving your model as an HDF5 file via `model.save()` or `keras.saving.save_model(model)`. This file format is considered legacy. We recommend using instead the native Keras format, e.g. `model.save('my_model.keras')` or `keras.saving.save_model(model, 'my_model.keras')`. 
2025-09-24 17:54:35,498 - INFO - Model save to artifacts/model\model.h5
2025-09-24 17:54:35,498 - INFO - Extrating weights for user_embedding
2025-09-24 17:54:35,506 - INFO - Extrating weights for anime_embedding
2025-09-24 17:54:35,506 - INFO - User and Anime weights saved sucessfully
2025-09-24 18:22:27,033 - INFO - Model training and Comet ML initialized
2025-09-24 18:22:27,033 - INFO - training started
2025-09-24 18:22:27,260 - INFO - Data loaded sucesfully for Model Training
2025-09-24 18:22:27,306 - INFO - Succesfully read the YAML file
2025-09-24 18:22:27,306 - INFO - Loaded configuration from config.yaml
2025-09-24 18:22:28,077 - INFO - Model created sucessfully
2025-09-24 18:27:02,644 - INFO - Model training completed
2025-09-24 18:27:02,644 - WARNING - You are saving your model as an HDF5 file via `model.save()` or `keras.saving.save_model(model)`. This file format is considered legacy. We recommend using instead the native Keras format, e.g. `model.save('my_model.keras')` or `keras.saving.save_model(model, 'my_model.keras')`. 
2025-09-24 18:27:02,708 - INFO - Model save to artifacts/model\model.h5
2025-09-24 18:27:02,724 - INFO - Extrating weights for user_embedding
2025-09-24 18:27:02,728 - INFO - Extrating weights for anime_embedding
2025-09-24 18:27:02,841 - INFO - User and Anime weights saved sucessfully
2025-09-24 18:44:06,813 - INFO - Data Preprocessing Initialized
2025-09-24 18:44:06,813 - INFO - Starting the general race of data processing....
2025-09-24 18:44:06,813 - INFO - Starting the data loading process
2025-09-24 18:44:07,642 - INFO - the data has been successfully uploaded
2025-09-24 18:44:07,642 - INFO - filtering users.........
2025-09-24 18:44:07,821 - INFO - users successfully filtered
2025-09-24 18:44:07,821 - INFO - This is the MinMaxScaler process.
2025-09-24 18:44:08,821 - INFO - scaling done for Processing
2025-09-24 18:44:08,821 - INFO - starting decoding process
2025-09-24 18:44:08,945 - INFO - starting the division of data into training and testing
2025-09-24 18:44:09,338 - INFO - division done!
2025-09-24 18:44:13,459 - INFO - all training and test data, classified df, were saved
2025-09-24 18:44:13,901 - INFO - Anime and anime synopsis dataset successfully saved
2025-09-24 18:44:13,901 - INFO - data processing run completed successfully
2025-09-24 18:44:17,536 - INFO - Model training and Comet ML initialized
2025-09-24 18:44:17,536 - INFO - training started
2025-09-24 18:44:17,749 - INFO - Data loaded sucesfully for Model Training
2025-09-24 18:44:17,799 - INFO - Succesfully read the YAML file
2025-09-24 18:44:17,799 - INFO - Loaded configuration from config.yaml
2025-09-24 18:44:18,276 - INFO - Model created sucessfully
2025-09-24 18:46:35,022 - INFO - Model training completed
2025-09-24 18:46:35,022 - WARNING - You are saving your model as an HDF5 file via `model.save()` or `keras.saving.save_model(model)`. This file format is considered legacy. We recommend using instead the native Keras format, e.g. `model.save('my_model.keras')` or `keras.saving.save_model(model, 'my_model.keras')`. 
2025-09-24 18:46:35,081 - INFO - Model save to artifacts/model\model.h5
2025-09-24 18:46:35,081 - INFO - Extrating weights for user_embedding
2025-09-24 18:46:35,081 - INFO - Extrating weights for anime_embedding
2025-09-24 18:46:35,172 - INFO - User and Anime weights saved sucessfully
